<?xml version="1.0" encoding="UTF-8"?>
<testng-results total="1" passed="1" failed="0" skipped="0">
  <reporter-output>
  </reporter-output>
  <suite started-at="2023-05-09T21:36:28Z" name="Default suite" finished-at="2023-05-09T21:38:05Z" duration-ms="96257">
    <groups>
    </groups>
    <test started-at="2023-05-09T21:36:28Z" name="Default test" finished-at="2023-05-09T21:38:05Z" duration-ms="96257">
      <class name="com.browserstack.run_first_test.FirstTest">
        <test-method is-config="true" signature="setUp()[pri:0, instance:com.browserstack.run_first_test.FirstTest@6bd61f98]" started-at="2023-05-10T03:06:28Z" name="setUp" finished-at="2023-05-10T03:07:32Z" duration-ms="63687" status="PASS">
          <reporter-output>
          </reporter-output>
        </test-method> <!-- setUp -->
        <test-method signature="test()[pri:0, instance:com.browserstack.run_first_test.FirstTest@6bd61f98]" started-at="2023-05-10T03:07:32Z" name="test" finished-at="2023-05-10T03:08:03Z" duration-ms="31206" status="PASS">
          <reporter-output>
          </reporter-output>
        </test-method> <!-- test -->
        <test-method is-config="true" signature="tearDown()[pri:0, instance:com.browserstack.run_first_test.FirstTest@6bd61f98]" started-at="2023-05-10T03:08:03Z" name="tearDown" finished-at="2023-05-10T03:08:05Z" duration-ms="1347" status="PASS">
          <reporter-output>
          </reporter-output>
        </test-method> <!-- tearDown -->
      </class> <!-- com.browserstack.run_first_test.FirstTest -->
    </test> <!-- Default test -->
  </suite> <!-- Default suite -->
</testng-results>
